<?xml version="1.0" encoding="UTF-8"?>
<testng-results ignored="0" total="2" passed="2" failed="0" skipped="0">
  <reporter-output>
  </reporter-output>
  <suite started-at="2023-08-03T15:40:59 BDT" name="Default suite" finished-at="2023-08-03T15:41:07 BDT" duration-ms="8664">
    <groups>
    </groups>
    <test started-at="2023-08-03T15:40:59 BDT" name="Default test" finished-at="2023-08-03T15:41:07 BDT" duration-ms="8664">
      <class name="sauce.Testing">
        <test-method is-config="true" signature="Init()[pri:0, instance:sauce.Testing@6c6cb480]" started-at="2023-08-03T15:40:59 BDT" name="Init" finished-at="2023-08-03T15:41:07 BDT" duration-ms="8615" status="PASS">
          <reporter-output>
          </reporter-output>
        </test-method> <!-- Init -->
        <test-method signature="TestTitle()[pri:1, instance:sauce.Testing@6c6cb480]" started-at="2023-08-03T15:41:07 BDT" name="TestTitle" finished-at="2023-08-03T15:41:07 BDT" duration-ms="12" status="PASS">
          <reporter-output>
          </reporter-output>
        </test-method> <!-- TestTitle -->
        <test-method signature="Testurl()[pri:2, instance:sauce.Testing@6c6cb480]" started-at="2023-08-03T15:41:07 BDT" name="Testurl" finished-at="2023-08-03T15:41:07 BDT" duration-ms="6" status="PASS">
          <reporter-output>
          </reporter-output>
        </test-method> <!-- Testurl -->
      </class> <!-- sauce.Testing -->
    </test> <!-- Default test -->
  </suite> <!-- Default suite -->
</testng-results>
